{"level":"info","message":"Listening on port 3000"}
{"level":"info","message":"Connected to mongodb://localhost/taski..."}
{"level":"info","message":"Listening on port 3000"}
{"level":"info","message":"Connected to mongodb://localhost/taski..."}
{"level":"info","message":"Listening on port 3000"}
{"level":"info","message":"Connected to mongodb://localhost/taski..."}
{"level":"info","message":"Listening on port 3000"}
{"level":"info","message":"Connected to mongodb://localhost/taski..."}
{"level":"info","message":"Connected to mongodb://localhost/taski..."}
{"level":"info","message":"Connected to mongodb://localhost/taski..."}
{"level":"info","message":"Connected to mongodb://localhost/taski..."}
{"level":"info","message":"Connected to mongodb://localhost/taski..."}
{"level":"info","message":"Listening on port 3000"}
{"level":"info","message":"Connected to mongodb://localhost/taski..."}
{"level":"info","message":"Listening on port 3000"}
{"level":"info","message":"Connected to mongodb://localhost/taski..."}
{"level":"info","message":"Listening on port 3000"}
{"level":"info","message":"Connected to mongodb://localhost/taski..."}
{"level":"info","message":"Listening on port 3000"}
{"level":"info","message":"Connected to mongodb://localhost/taski..."}
{"level":"info","message":"Listening on port 3000"}
{"level":"info","message":"Connected to mongodb://localhost/taski..."}
{"level":"info","message":"Listening on port 3000"}
{"level":"info","message":"Connected to mongodb://localhost/taski..."}
{"body":"{\r\n    \"name\": \"Ekemini Bassey\",\r\n    // \"email\": \"e@e.e\",\r\n    \"password\": \"Qwerty123\"\r\n}","expose":true,"level":"error","message":"Unexpected token / in JSON at position 38 Unexpected token / in JSON at position 38","stack":"SyntaxError: Unexpected token / in JSON at position 38\n    at JSON.parse (<anonymous>)\n    at parse (C:\\Projects\\Personal\\Todo\\taski-back\\node_modules\\body-parser\\lib\\types\\json.js:89:19)\n    at C:\\Projects\\Personal\\Todo\\taski-back\\node_modules\\body-parser\\lib\\read.js:121:18\n    at invokeCallback (C:\\Projects\\Personal\\Todo\\taski-back\\node_modules\\raw-body\\index.js:224:16)\n    at done (C:\\Projects\\Personal\\Todo\\taski-back\\node_modules\\raw-body\\index.js:213:7)\n    at IncomingMessage.onEnd (C:\\Projects\\Personal\\Todo\\taski-back\\node_modules\\raw-body\\index.js:273:7)\n    at IncomingMessage.emit (events.js:412:35)\n    at endReadableNT (internal/streams/readable.js:1334:12)\n    at processTicksAndRejections (internal/process/task_queues.js:82:21)","status":400,"statusCode":400,"type":"entity.parse.failed"}
{"level":"info","message":"Listening on port 3000"}
{"level":"info","message":"Connected to mongodb://localhost/taski..."}
{"level":"info","message":"Listening on port 3000"}
{"level":"info","message":"Connected to mongodb://localhost/taski..."}
{"level":"info","message":"Listening on port 3000"}
{"level":"info","message":"Connected to mongodb://localhost/taski..."}
{"level":"info","message":"Listening on port 3000"}
{"level":"info","message":"Connected to mongodb://localhost/taski..."}
{"level":"error","message":"notr is not defined notr is not defined","stack":"ReferenceError: notr is not defined\n    at C:\\Projects\\Personal\\Todo\\taski-back\\routes\\todos.js:18:5\n    at newFn (C:\\Projects\\Personal\\Todo\\taski-back\\node_modules\\express-async-errors\\index.js:16:20)\n    at Layer.handle [as handle_request] (C:\\Projects\\Personal\\Todo\\taski-back\\node_modules\\express\\lib\\router\\layer.js:95:5)\n    at next (C:\\Projects\\Personal\\Todo\\taski-back\\node_modules\\express\\lib\\router\\route.js:137:13)\n    at Route.dispatch (C:\\Projects\\Personal\\Todo\\taski-back\\node_modules\\express\\lib\\router\\route.js:112:3)\n    at newFn (C:\\Projects\\Personal\\Todo\\taski-back\\node_modules\\express-async-errors\\index.js:16:20)\n    at Layer.handle [as handle_request] (C:\\Projects\\Personal\\Todo\\taski-back\\node_modules\\express\\lib\\router\\layer.js:95:5)\n    at C:\\Projects\\Personal\\Todo\\taski-back\\node_modules\\express\\lib\\router\\index.js:281:22\n    at Function.process_params (C:\\Projects\\Personal\\Todo\\taski-back\\node_modules\\express\\lib\\router\\index.js:341:12)\n    at next (C:\\Projects\\Personal\\Todo\\taski-back\\node_modules\\express\\lib\\router\\index.js:275:10)"}
{"level":"info","message":"Listening on port 3000"}
{"level":"info","message":"Connected to mongodb://localhost/taski..."}
{"level":"info","message":"Listening on port 3000"}
{"level":"info","message":"Connected to mongodb://localhost/taski..."}
{"level":"info","message":"Listening on port 3000"}
{"level":"info","message":"Connected to mongodb://localhost/taski..."}
{"level":"info","message":"Listening on port 3000"}
{"level":"info","message":"Connected to mongodb://localhost/taski..."}
{"level":"info","message":"Listening on port 3000"}
{"level":"info","message":"Connected to mongodb://localhost/taski..."}
{"level":"info","message":"Listening on port 3000"}
{"level":"info","message":"Connected to mongodb://localhost/taski..."}
{"level":"info","message":"Listening on port 3000"}
{"level":"info","message":"Connected to mongodb://localhost/taski..."}
{"level":"info","message":"Listening on port 3000"}
{"level":"info","message":"Connected to mongodb://localhost/taski..."}
{"level":"info","message":"Listening on port 3000"}
{"level":"info","message":"Connected to mongodb://localhost/taski..."}
{"level":"info","message":"Listening on port 3000"}
{"level":"info","message":"Connected to mongodb://localhost/taski..."}
{"level":"info","message":"Listening on port 3000"}
{"level":"info","message":"Connected to mongodb://localhost/taski..."}
{"level":"info","message":"Listening on port 3000"}
{"level":"info","message":"Connected to mongodb://localhost/taski..."}
{"level":"info","message":"Listening on port 3000"}
{"level":"info","message":"Connected to mongodb://localhost/taski..."}
{"level":"info","message":"Listening on port 3000"}
{"level":"info","message":"Connected to mongodb://localhost/taski..."}
{"level":"info","message":"Listening on port 3000"}
{"level":"info","message":"Connected to mongodb://localhost/taski..."}
{"level":"info","message":"Listening on port 3000"}
{"level":"info","message":"Connected to mongodb://localhost/taski..."}
{"level":"info","message":"Listening on port 3000"}
{"level":"info","message":"Connected to mongodb://localhost/taski..."}
{"level":"info","message":"Listening on port 3000"}
{"level":"info","message":"Connected to mongodb://localhost/taski..."}
{"level":"info","message":"Listening on port 3000"}
{"level":"info","message":"Connected to mongodb://localhost/taski..."}
{"level":"info","message":"Listening on port 3000"}
{"level":"info","message":"Connected to mongodb://localhost/taski..."}
{"level":"info","message":"Listening on port 3000"}
{"level":"info","message":"Connected to mongodb://localhost/taski..."}
{"level":"info","message":"Listening on port 3000"}
{"level":"info","message":"Connected to mongodb://localhost/taski..."}
{"level":"info","message":"Listening on port 3000"}
{"level":"info","message":"Connected to mongodb://localhost/taski..."}
{"level":"info","message":"Listening on port 3000"}
{"level":"info","message":"Connected to mongodb://localhost/taski..."}
{"level":"info","message":"Listening on port 3000"}
{"level":"info","message":"Connected to mongodb://localhost/taski..."}
{"level":"info","message":"Listening on port 3000"}
{"level":"info","message":"Connected to mongodb://localhost/taski..."}
{"level":"info","message":"Listening on port 3000"}
{"level":"info","message":"Connected to mongodb://localhost/taski..."}
{"level":"info","message":"Listening on port 3000"}
{"level":"info","message":"Connected to mongodb://localhost/taski..."}
{"level":"info","message":"Listening on port 3000"}
{"level":"info","message":"Connected to mongodb://localhost/taski..."}
{"level":"info","message":"Listening on port 3000"}
{"level":"info","message":"Connected to mongodb://localhost/taski..."}
{"level":"error","message":"config is not defined config is not defined","stack":"ReferenceError: config is not defined\n    at C:\\Projects\\Personal\\Todo\\taski-back\\routes\\users.js:23:5\n    at processTicksAndRejections (internal/process/task_queues.js:95:5)"}
{"level":"info","message":"Listening on port 3000"}
{"level":"info","message":"Connected to mongodb://localhost/taski..."}
{"code":11000,"index":0,"keyPattern":{"confirmationCode":1},"keyValue":{"confirmationCode":null},"level":"error","message":"E11000 duplicate key error collection: taski.users index: confirmationCode_1 dup key: { confirmationCode: null } E11000 duplicate key error collection: taski.users index: confirmationCode_1 dup key: { confirmationCode: null }","stack":"MongoServerError: E11000 duplicate key error collection: taski.users index: confirmationCode_1 dup key: { confirmationCode: null }\n    at C:\\Projects\\Personal\\Todo\\taski-back\\node_modules\\mongodb\\lib\\operations\\insert.js:51:33\n    at C:\\Projects\\Personal\\Todo\\taski-back\\node_modules\\mongodb\\lib\\cmap\\connection_pool.js:272:25\n    at handleOperationResult (C:\\Projects\\Personal\\Todo\\taski-back\\node_modules\\mongodb\\lib\\sdam\\server.js:370:9)\n    at MessageStream.messageHandler (C:\\Projects\\Personal\\Todo\\taski-back\\node_modules\\mongodb\\lib\\cmap\\connection.js:479:9)\n    at MessageStream.emit (events.js:400:28)\n    at processIncomingData (C:\\Projects\\Personal\\Todo\\taski-back\\node_modules\\mongodb\\lib\\cmap\\message_stream.js:108:16)\n    at MessageStream._write (C:\\Projects\\Personal\\Todo\\taski-back\\node_modules\\mongodb\\lib\\cmap\\message_stream.js:28:9)\n    at writeOrBuffer (internal/streams/writable.js:358:12)\n    at MessageStream.Writable.write (internal/streams/writable.js:303:10)\n    at Socket.ondata (internal/streams/readable.js:731:22)"}
{"level":"info","message":"Listening on port 3000"}
{"level":"info","message":"Connected to mongodb://localhost/taski..."}
{"code":11000,"index":0,"keyPattern":{"confirmationCode":1},"keyValue":{"confirmationCode":null},"level":"error","message":"E11000 duplicate key error collection: taski.users index: confirmationCode_1 dup key: { confirmationCode: null } E11000 duplicate key error collection: taski.users index: confirmationCode_1 dup key: { confirmationCode: null }","stack":"MongoServerError: E11000 duplicate key error collection: taski.users index: confirmationCode_1 dup key: { confirmationCode: null }\n    at C:\\Projects\\Personal\\Todo\\taski-back\\node_modules\\mongodb\\lib\\operations\\insert.js:51:33\n    at C:\\Projects\\Personal\\Todo\\taski-back\\node_modules\\mongodb\\lib\\cmap\\connection_pool.js:272:25\n    at handleOperationResult (C:\\Projects\\Personal\\Todo\\taski-back\\node_modules\\mongodb\\lib\\sdam\\server.js:370:9)\n    at MessageStream.messageHandler (C:\\Projects\\Personal\\Todo\\taski-back\\node_modules\\mongodb\\lib\\cmap\\connection.js:479:9)\n    at MessageStream.emit (events.js:400:28)\n    at processIncomingData (C:\\Projects\\Personal\\Todo\\taski-back\\node_modules\\mongodb\\lib\\cmap\\message_stream.js:108:16)\n    at MessageStream._write (C:\\Projects\\Personal\\Todo\\taski-back\\node_modules\\mongodb\\lib\\cmap\\message_stream.js:28:9)\n    at writeOrBuffer (internal/streams/writable.js:358:12)\n    at MessageStream.Writable.write (internal/streams/writable.js:303:10)\n    at Socket.ondata (internal/streams/readable.js:731:22)"}
{"level":"info","message":"Listening on port 3000"}
{"level":"info","message":"Connected to mongodb://localhost/taski..."}
{"level":"info","message":"Listening on port 3000"}
{"level":"info","message":"Connected to mongodb://localhost/taski..."}
{"level":"info","message":"Listening on port 3000"}
{"level":"info","message":"Connected to mongodb://localhost/taski..."}
{"level":"info","message":"Listening on port 3000"}
{"level":"info","message":"Connected to mongodb://localhost/taski..."}
{"level":"info","message":"Listening on port 3000"}
{"level":"info","message":"Connected to mongodb://localhost/taski..."}
{"level":"info","message":"Listening on port 3000"}
{"level":"info","message":"Connected to mongodb://localhost/taski..."}
{"level":"info","message":"Listening on port 3000"}
{"level":"info","message":"Connected to mongodb://localhost/taski..."}
{"level":"info","message":"Listening on port 3000"}
{"level":"info","message":"Connected to mongodb://localhost/taski..."}
{"level":"info","message":"Listening on port 3000"}
{"level":"info","message":"Connected to mongodb://localhost/taski..."}
{"level":"info","message":"Listening on port 3000"}
{"level":"info","message":"Connected to mongodb://localhost/taski..."}
{"level":"info","message":"Listening on port 3000"}
{"level":"info","message":"Connected to mongodb://localhost/taski..."}
{"level":"info","message":"Listening on port 3000"}
{"level":"info","message":"Connected to mongodb://localhost/taski..."}
{"level":"info","message":"Listening on port 3000"}
{"level":"info","message":"Connected to mongodb://localhost/taski..."}
{"level":"info","message":"Listening on port 3000"}
{"level":"info","message":"Connected to mongodb://localhost/taski..."}
{"level":"info","message":"Listening on port 3000"}
{"level":"info","message":"Connected to mongodb://localhost/taski..."}
{"level":"info","message":"Listening on port 3000"}
{"level":"info","message":"Connected to mongodb://localhost/taski..."}
{"level":"info","message":"Listening on port 3000"}
{"level":"info","message":"Connected to mongodb://localhost/taski..."}
{"level":"info","message":"Listening on port 3000"}
{"level":"info","message":"Connected to mongodb://localhost/taski..."}
{"level":"info","message":"Listening on port 3000"}
{"level":"info","message":"Connected to mongodb://localhost/taski..."}
{"level":"info","message":"Listening on port 3000"}
{"level":"info","message":"Connected to mongodb://localhost/taski..."}
{"level":"info","message":"Listening on port 3000"}
{"level":"info","message":"Connected to mongodb://localhost/taski..."}
{"level":"info","message":"Listening on port 3000"}
{"level":"info","message":"Connected to mongodb://localhost/taski..."}
{"level":"info","message":"Listening on port 3000"}
{"level":"info","message":"Connected to mongodb://localhost/taski..."}
{"level":"info","message":"Listening on port 3000"}
{"level":"info","message":"Connected to mongodb://localhost/taski..."}
